Arguments: 
  C:\Program Files\nodejs\node.exe C:\Program Files\nodejs\node_modules\yarn\bin\yarn.js add styled-components

PATH: 
  C:\Users\hbmat\bin;C:\Program Files\git\mingw64\bin;C:\Program Files\git\usr\local\bin;C:\Program Files\git\usr\bin;C:\Program Files\git\usr\bin;C:\Program Files\Git\mingw64\bin;C:\Program Files\Git\usr\bin;C:\Users\hbmat\bin;C:\Program Files\Microsoft\jdk-11.0.16.101-hotspot\bin;C:\ProgramData\Oracle\Java\javapath;C:\Program Files (x86)\Common Files\Intel\Shared Libraries\redist\intel64\compiler;C:\Windows\system32;C:\Windows;C:\Windows\System32\Wbem;C:\Windows\System32\WindowsPowerShell\v1.0;C:\Windows\System32\OpenSSH;C:\ProgramData\chocolatey\bin;C:\ProgramData\nvm;C:\Program Files\nodejs;C:\Program Files\Microsoft VS Code\bin;C:\Program Files\Git\cmd;C:\Program Files\Microsoft\Web Platform Installer;C:\Program Files\nodejs;C:\Program Files\Git LFS;C:\Users\hbmat\AppData\Local\Android\Sdk\platform-tools;C:\Program Files\OpenJDK\jdk-20.0.1\bin;C:\Users\hbmat\AppData\Local\Microsoft\WindowsApps;C:\Users\hbmat\AppData\Local\Programs\Microsoft VS Code\bin;C:\Program Files\cmder;C:\Users\hbmat\AppData\Roaming\npm;C:\Android\Sdk\platform-tools;C:\Android\Sdk\tools;C:\Users\hbmat\AppData\Local\Yarn\bin;C:\Android\Sdk\tools\bin;C:\Program Files\git\usr\bin\vendor_perl;C:\Program Files\git\usr\bin\core_perl

Yarn version: 
  1.22.4

Node version: 
  18.13.0

Platform: 
  win32 x64

Trace: 
  Error: EPERM: operation not permitted, unlink 'C:\Users\hbmat\OneDrive\Área de Trabalho\Projects\mobile-metlife\node_modules\@expo\package-manager\node_modules\ansi-styles'

npm manifest: 
  {
    "name": "mobile-metlife",
    "version": "1.0.0",
    "main": "node_modules/expo/AppEntry.js",
    "scripts": {
      "start": "expo start",
      "android": "expo start --android",
      "ios": "expo start --ios",
      "web": "expo start --web"
    },
    "dependencies": {
      "expo": "~48.0.15",
      "expo-status-bar": "~1.4.4",
      "react": "18.2.0",
      "react-native": "0.71.8"
    },
    "devDependencies": {
      "@babel/core": "^7.20.0"
    },
    "private": true
  }

yarn manifest: 
  No manifest

Lockfile: 
  No lockfile
